<?xml version="1.0" encoding="UTF-8"?>
<!-- Generated by org.testng.reporters.JUnitReportReporter -->
<testsuite hostname="LAPTOP-MVN1TR0E" failures="0" tests="2" name="TestPackage.trello" time="3.552" errors="0" timestamp="2023-05-16T23:18:50 IST" skipped="0">
  <testcase classname="TestPackage.trello" name="createBoard" time="2.832"/>
  <system-out/>
  <testcase classname="TestPackage.trello" name="updateBoard" time="0.720"/>
  <system-out/>
</testsuite> <!-- TestPackage.trello -->
